<?xml version="1.0" encoding="UTF-8"?>
<testsuites name="PHP_CodeSniffer 3.5.8" errors="0" tests="7" failures="0">
<testsuite name="D:\Projects\Packages\ValidatorXSD\src\CollectionErrorXSD.php" errors="0" tests="1" failures="0">
 <testcase name="D:\Projects\Packages\ValidatorXSD\src\CollectionErrorXSD.php"/>
</testsuite>
<testsuite name="D:\Projects\Packages\ValidatorXSD\src\ErrorXSD.php" errors="0" tests="1" failures="0">
 <testcase name="D:\Projects\Packages\ValidatorXSD\src\ErrorXSD.php"/>
</testsuite>
<testsuite name="D:\Projects\Packages\ValidatorXSD\src\Exceptions\LocalizationFailedImplement.php" errors="0" tests="1" failures="0">
 <testcase name="D:\Projects\Packages\ValidatorXSD\src\Exceptions\LocalizationFailedImplement.php"/>
</testsuite>
<testsuite name="D:\Projects\Packages\ValidatorXSD\src\LocalizationXSD.php" errors="0" tests="1" failures="0">
 <testcase name="D:\Projects\Packages\ValidatorXSD\src\LocalizationXSD.php"/>
</testsuite>
<testsuite name="D:\Projects\Packages\ValidatorXSD\src\ParseLibXMLError.php" errors="0" tests="1" failures="0">
 <testcase name="D:\Projects\Packages\ValidatorXSD\src\ParseLibXMLError.php"/>
</testsuite>
<testsuite name="D:\Projects\Packages\ValidatorXSD\src\TranslateTrait.php" errors="0" tests="1" failures="0">
 <testcase name="D:\Projects\Packages\ValidatorXSD\src\TranslateTrait.php"/>
</testsuite>
<testsuite name="D:\Projects\Packages\ValidatorXSD\src\ValidatorXSD.php" errors="0" tests="1" failures="0">
 <testcase name="D:\Projects\Packages\ValidatorXSD\src\ValidatorXSD.php"/>
</testsuite>
</testsuites>

